2025-11-28 13:26:00 INFO  testCases.HomePageTest - Test to validate myAccount link
2025-11-28 13:28:24 INFO  testCases.HomePageTest - Test to validate myAccount link
2025-11-28 13:30:57 INFO  testCases.HomePageTest - Test to validate myAccount link
2025-11-28 13:32:37 INFO  testCases.HomePageTest - Test to validate myAccount link
2025-11-28 13:39:03 INFO  testCases.HomePageTest - Test to validate myAccount link
2025-11-28 13:41:13 INFO  testCases.HomePageTest - Test to validate myAccount link
2025-11-28 13:45:34 INFO  testCases.HomePageTest - Test to validate myAccount link
2025-11-28 13:46:17 INFO  testCases.HomePageTest - Test to validate myAccount link
2025-11-28 13:47:45 INFO  testCases.HomePageTest - Test to validate Register link
2025-11-28 13:48:53 INFO  testCases.HomePageTest - Test to validate myAccount link
2025-11-28 13:51:04 INFO  testCases.HomePageTest - Test to validate myAccount link
2025-11-28 14:20:19 INFO  testCases.HomePageTest - Test to validate myAccount link
2025-11-28 14:21:20 INFO  testCases.HomePageTest - Test to validate myAccount link
2025-11-28 14:22:47 INFO  testCases.HomePageTest - Test to validate myAccount link
2025-11-28 14:23:54 INFO  testCases.HomePageTest - Test to validate myAccount link
2025-11-28 14:24:36 INFO  testCases.HomePageTest - Test to validate myAccount link
2025-11-28 14:26:07 INFO  testCases.HomePageTest - Test to validate myAccount link
2025-11-28 14:29:17 INFO  testCases.HomePageTest - Test to validate myAccount link
2025-11-28 14:30:36 INFO  testCases.HomePageTest - Test to validate myAccount link
2025-11-28 14:31:17 INFO  testCases.HomePageTest - Test to validate myAccount link
2025-11-28 14:31:20 INFO  testCases.HomePageTest - Test to validate Register link
2025-11-28 14:31:25 INFO  testCases.HomePageTest - Test to validate Login link
2025-11-28 14:56:56 INFO  testCases.RegisterPageTest - Test to validate the user registration
2025-11-28 14:58:08 INFO  testCases.RegisterPageTest - Test to validate the user registration
2025-11-28 15:06:17 INFO  testCases.RegisterPageTest - Test to validate the user registration
2025-11-28 15:06:23 INFO  testCases.RegisterPageTest - User navigated to Register page
2025-11-28 15:06:29 INFO  testCases.RegisterPageTest - User clicked on Continue button
2025-11-28 15:10:07 INFO  testCases.RegisterPageTest - Test to validate the user registration
2025-11-28 15:10:13 INFO  testCases.RegisterPageTest - User navigated to Register page
2025-11-28 15:10:22 INFO  testCases.RegisterPageTest - User clicked on Continue button
2025-11-28 15:11:13 INFO  testCases.RegisterPageTest - Test to validate the user registration
2025-11-28 15:11:15 INFO  testCases.RegisterPageTest - User navigated to Register page
2025-11-28 15:11:21 INFO  testCases.RegisterPageTest - User clicked on Continue button
2025-11-28 15:21:48 INFO  testCases.RegisterPageTest - Test to validate the user registration
2025-11-28 15:21:50 INFO  testCases.RegisterPageTest - User navigated to Register page
2025-11-28 15:22:04 INFO  testCases.RegisterPageTest - User clicked on Continue button
2025-11-28 15:32:38 INFO  testCases.LoginTest - Validate user login
2025-11-28 15:32:42 INFO  testCases.LoginTest - User navigated to login page
2025-11-28 15:32:47 INFO  testCases.LoginTest - user clicked on Login button
2025-11-28 15:33:42 INFO  testCases.HomePageTest - Test to validate myAccount link
2025-11-28 15:33:59 INFO  testCases.HomePageTest - Test to validate Register link
2025-11-28 15:34:05 INFO  testCases.HomePageTest - Test to validate Login link
2025-11-28 15:34:10 INFO  testCases.LoginTest - Validate user login
2025-11-28 15:34:11 INFO  testCases.LoginTest - User navigated to login page
2025-11-28 15:34:19 INFO  testCases.LoginTest - user clicked on Login button
2025-11-28 15:34:28 INFO  testCases.RegisterPageTest - Test to validate the user registration
2025-11-28 15:34:29 INFO  testCases.RegisterPageTest - User navigated to Register page
2025-11-28 15:34:33 INFO  testCases.RegisterPageTest - User clicked on Continue button
2025-11-28 15:48:09 INFO  testCases.LoginTest - Validate data driven user login
2025-11-28 15:48:14 INFO  testCases.LoginTest - User navigated to login page
2025-11-28 15:48:22 INFO  testCases.LoginTest - user clicked on Login button
2025-11-28 15:48:37 INFO  testCases.LoginTest - Validate data driven user login
2025-11-28 15:48:40 INFO  testCases.LoginTest - User navigated to login page
2025-11-28 15:48:42 INFO  testCases.LoginTest - user clicked on Login button
2025-11-28 16:03:31 INFO  testCases.LoginTest - Validate data driven user login
2025-11-28 16:03:33 INFO  testCases.LoginTest - User navigated to login page
2025-11-28 16:03:34 INFO  testCases.LoginTest - user clicked on Login button
2025-11-28 16:03:43 INFO  testCases.LoginTest - Validate data driven user login
2025-11-28 16:03:45 INFO  testCases.LoginTest - User navigated to login page
2025-11-28 16:03:50 INFO  testCases.LoginTest - user clicked on Login button
2025-11-30 17:45:14 INFO  testCases.HomePageTest - Test to validate myAccount link
2025-11-30 17:46:49 INFO  testCases.LoginTest - Validate user login
2025-11-30 17:46:55 INFO  testCases.LoginTest - User navigated to login page
2025-11-30 17:46:59 INFO  testCases.LoginTest - user clicked on Login button
2025-12-01 14:44:29 INFO  testCases.HomePageTest - Test to validate myAccount link
2025-12-01 14:59:17 INFO  testCases.HomePageTest - Test to validate myAccount link
2025-12-07 20:31:13 INFO  testCases.RegisterPageTest - Test to validate the user registration
2025-12-07 20:34:51 INFO  testCases.RegisterPageTest - Test to validate the user registration
2025-12-07 20:36:44 INFO  testCases.RegisterPageTest - Test to validate the user registration
2025-12-07 20:37:38 INFO  testCases.RegisterPageTest - Test to validate the user registration
2025-12-07 20:37:41 INFO  testCases.RegisterPageTest - User navigated to Register page
2025-12-07 20:37:45 INFO  testCases.RegisterPageTest - User clicked on Continue button
2025-12-07 20:39:16 INFO  testCases.LoginTest - Validate data driven user login
2025-12-07 20:39:21 INFO  testCases.LoginTest - User navigated to login page
2025-12-07 20:39:22 INFO  testCases.LoginTest - user clicked on Login button
2025-12-07 20:39:30 INFO  testCases.LoginTest - Validate data driven user login
2025-12-07 20:39:32 INFO  testCases.LoginTest - User navigated to login page
2025-12-07 20:39:35 INFO  testCases.LoginTest - user clicked on Login button
2025-12-07 20:39:40 INFO  testCases.HomePageTest - Test to validate myAccount link
2025-12-07 20:39:43 INFO  testCases.RegisterPageTest - Test to validate the user registration
2025-12-07 20:39:46 INFO  testCases.RegisterPageTest - User navigated to Register page
2025-12-07 20:39:51 INFO  testCases.RegisterPageTest - User clicked on Continue button
2025-12-07 20:39:56 INFO  testCases.LoginTest - Validate user login
2025-12-07 20:39:57 INFO  testCases.LoginTest - User navigated to login page
2025-12-07 20:40:01 INFO  testCases.LoginTest - user clicked on Login button
2025-12-07 20:40:10 INFO  testCases.HomePageTest - Test to validate Register link
2025-12-07 20:40:18 INFO  testCases.HomePageTest - Test to validate Login link
2025-12-07 20:40:54 INFO  testCases.HomePageTest - Test to validate myAccount link
2025-12-07 20:40:54 INFO  testCases.LoginTest - Validate data driven user login
2025-12-07 20:40:59 INFO  testCases.RegisterPageTest - Test to validate the user registration
2025-12-07 20:41:01 INFO  testCases.LoginTest - User navigated to login page
2025-12-07 20:41:03 INFO  testCases.RegisterPageTest - User navigated to Register page
2025-12-07 20:41:05 INFO  testCases.LoginTest - user clicked on Login button
2025-12-07 20:41:08 INFO  testCases.RegisterPageTest - User clicked on Continue button
2025-12-07 20:41:13 INFO  testCases.LoginTest - Validate user login
2025-12-07 20:41:45 INFO  testCases.LoginTest - Validate data driven user login
2025-12-07 20:41:52 INFO  testCases.HomePageTest - Test to validate Register link
2025-12-07 20:41:59 INFO  testCases.HomePageTest - Test to validate Login link
2025-12-10 18:04:46 INFO  testCases.RegisterPageTest - Test to validate the user registration
2025-12-10 18:04:49 INFO  testCases.RegisterPageTest - User navigated to Register page
2025-12-10 18:04:59 INFO  testCases.RegisterPageTest - User clicked on Continue button
2025-12-10 18:07:05 INFO  testCases.RegisterPageTest - Test to validate the user registration
2025-12-10 18:07:06 INFO  testCases.LoginTest - Validate data driven user login
2025-12-10 18:07:16 INFO  testCases.HomePageTest - Test to validate myAccount link
2025-12-10 18:07:19 INFO  testCases.RegisterPageTest - User navigated to Register page
2025-12-10 18:07:19 INFO  testCases.LoginTest - User navigated to login page
2025-12-10 18:07:24 INFO  testCases.LoginTest - user clicked on Login button
2025-12-10 18:07:27 INFO  testCases.RegisterPageTest - User clicked on Continue button
2025-12-10 18:07:39 INFO  testCases.LoginTest - Validate user login
2025-12-10 18:07:42 INFO  testCases.LoginTest - User navigated to login page
2025-12-10 18:07:43 INFO  testCases.LoginTest - Validate data driven user login
2025-12-10 18:07:46 INFO  testCases.LoginTest - User navigated to login page
2025-12-10 18:07:46 INFO  testCases.HomePageTest - Test to validate Register link
2025-12-10 18:07:49 INFO  testCases.LoginTest - user clicked on Login button
2025-12-10 18:07:53 INFO  testCases.HomePageTest - Test to validate Login link
2025-12-10 18:09:54 INFO  testCases.RegisterPageTest - Test to validate the user registration
2025-12-10 18:09:54 INFO  testCases.HomePageTest - Test to validate myAccount link
2025-12-10 18:09:56 INFO  testCases.LoginTest - Validate data driven user login
2025-12-10 18:10:11 INFO  testCases.RegisterPageTest - User navigated to Register page
2025-12-10 18:10:13 INFO  testCases.LoginTest - User navigated to login page
2025-12-10 18:10:14 INFO  testCases.LoginTest - user clicked on Login button
2025-12-10 18:10:16 INFO  testCases.RegisterPageTest - User clicked on Continue button
2025-12-10 18:10:27 INFO  testCases.LoginTest - Validate data driven user login
2025-12-10 18:10:28 INFO  testCases.HomePageTest - Test to validate Register link
2025-12-10 18:10:31 INFO  testCases.LoginTest - User navigated to login page
2025-12-10 18:10:36 INFO  testCases.LoginTest - Validate user login
2025-12-10 18:10:36 INFO  testCases.HomePageTest - Test to validate Login link
2025-12-10 18:10:58 INFO  testCases.LoginTest - User navigated to login page
2025-12-10 18:11:00 INFO  testCases.LoginTest - user clicked on Login button
2025-12-10 21:45:39 INFO  testCases.RegisterPageTest - Test to validate the user registration
2025-12-10 21:45:39 INFO  testCases.LoginTest - Validate data driven user login
2025-12-10 21:45:40 INFO  testCases.HomePageTest - Test to validate myAccount link
2025-12-10 21:45:41 INFO  testCases.LoginTest - User navigated to login page
2025-12-10 21:45:42 INFO  testCases.RegisterPageTest - User navigated to Register page
2025-12-10 21:45:45 INFO  testCases.LoginTest - user clicked on Login button
2025-12-10 21:45:50 INFO  testCases.RegisterPageTest - User clicked on Continue button
